\BOOKMARK [0][-]{chapter*.1}{Abstract}{}
\BOOKMARK [0][-]{chapter*.2}{Contents}{}
\BOOKMARK [0][-]{chapter*.3}{Acknowledgements}{}
\BOOKMARK [0][-]{chapter.1}{Introduction}{}
\BOOKMARK [1][-]{section.1.1}{Popular notes taking applications}{chapter.1}
\BOOKMARK [2][-]{subsection.1.1.1}{Appx}{section.1.1}
\BOOKMARK [2][-]{subsection.1.1.2}{Appy}{section.1.1}
\BOOKMARK [2][-]{subsection.1.1.3}{Comparison}{section.1.1}
\BOOKMARK [1][-]{section.1.2}{Popular Version Control Systems}{chapter.1}
\BOOKMARK [2][-]{subsection.1.2.1}{Mercurial}{section.1.2}
\BOOKMARK [2][-]{subsection.1.2.2}{Comparison with other systems}{section.1.2}
\BOOKMARK [1][-]{section.1.3}{Role of programming languge}{chapter.1}
\BOOKMARK [2][-]{subsection.1.3.1}{Python}{section.1.3}
\BOOKMARK [2][-]{subsection.1.3.2}{Comparison with other languages}{section.1.3}
\BOOKMARK [1][-]{section.1.4}{Scalability}{chapter.1}
\BOOKMARK [1][-]{section.1.5}{Google App Engine platform}{chapter.1}
\BOOKMARK [0][-]{chapter.2}{System Concept}{}
\BOOKMARK [1][-]{section.2.1}{Functional description}{chapter.2}
\BOOKMARK [1][-]{section.2.2}{Functionality description}{chapter.2}
\BOOKMARK [0][-]{chapter.3}{System Description}{}
\BOOKMARK [1][-]{section.3.1}{Google App Engine platform}{chapter.3}
\BOOKMARK [1][-]{section.3.2}{Mercurial on Google App Engine}{chapter.3}
\BOOKMARK [1][-]{section.3.3}{Cacoa interface}{chapter.3}
\BOOKMARK [0][-]{chapter.4}{System Evaluation}{}
\BOOKMARK [1][-]{section.4.1}{Final result presentation}{chapter.4}
\BOOKMARK [1][-]{section.4.2}{Performance tests}{chapter.4}
\BOOKMARK [0][-]{chapter.5}{Conclusion}{}
\BOOKMARK [0][-]{chapter*.4}{Bibliography}{}
